Using pre-set license
Built from '2021.1/staging' branch; Version is '2021.1.3f1 (4bef613afd59) revision 4976481'; Using compiler version '192528614'; Build Type 'Release'
OS: 'Windows 10 Pro; OS build 19042.928; Version 2009; 64bit' Language: 'pl' Physical Memory: 16294 MB
BatchMode: 1, IsHumanControllingUs: 0, StartBugReporterOnCrash: 0, Is64bit: 1, IsPro: 0

 COMMAND LINE ARGUMENTS:
C:\Program Files\Unity\Hub\Editor\2021.1.3f1\Editor\Unity.exe
-adb2
-batchMode
-noUpm
-name
AssetImportWorker0
-projectPath
C:/Users/Adison/source/Unity/Shooter/Shooter
-logFile
Logs/AssetImportWorker0.log
-srvPort
59991
Successfully changed project path to: C:/Users/Adison/source/Unity/Shooter/Shooter
C:/Users/Adison/source/Unity/Shooter/Shooter
Using Asset Import Pipeline V2.
Refreshing native plugins compatible for Editor in 68.88 ms, found 1 plugins.
Preloading 0 native plugins for Editor in 0.00 ms.
Initialize engine version: 2021.1.3f1 (4bef613afd59)
[Subsystems] Discovering subsystems at path C:/Program Files/Unity/Hub/Editor/2021.1.3f1/Editor/Data/Resources/UnitySubsystems
[Subsystems] Discovering subsystems at path C:/Users/Adison/source/Unity/Shooter/Shooter/Assets
GfxDevice: creating device client; threaded=0; jobified=0
Direct3D:
    Version:  Direct3D 11.0 [level 11.1]
    Renderer: NVIDIA GeForce RTX 2060 (ID=0x1f08)
    Vendor:   NVIDIA
    VRAM:     5980 MB
    Driver:   27.21.14.6611
Initialize mono
Mono path[0] = 'C:/Program Files/Unity/Hub/Editor/2021.1.3f1/Editor/Data/Managed'
Mono path[1] = 'C:/Program Files/Unity/Hub/Editor/2021.1.3f1/Editor/Data/MonoBleedingEdge/lib/mono/unityjit'
Mono config path = 'C:/Program Files/Unity/Hub/Editor/2021.1.3f1/Editor/Data/MonoBleedingEdge/etc'
Using monoOptions --debugger-agent=transport=dt_socket,embedding=1,server=y,suspend=n,address=127.0.0.1:56856
Begin MonoManager ReloadAssembly
Registering precompiled unity dll's ...
Register platform support module: C:/Program Files/Unity/Hub/Editor/2021.1.3f1/Editor/Data/PlaybackEngines/WindowsStandaloneSupport/UnityEditor.WindowsStandalone.Extensions.dll
Register platform support module: C:/Program Files/Unity/Hub/Editor/2021.1.3f1/Editor/Data/PlaybackEngines/LinuxStandaloneSupport/UnityEditor.LinuxStandalone.Extensions.dll
Registered in 0.004032 seconds.
Native extension for LinuxStandalone target not found
Native extension for WindowsStandalone target not found
Refreshing native plugins compatible for Editor in 71.77 ms, found 1 plugins.
Preloading 0 native plugins for Editor in 0.00 ms.
Mono: successfully reloaded assembly
- Completed reload, in  1.197 seconds
Platform modules already initialized, skipping
Registering precompiled user dll's ...
Registered in 0.062931 seconds.
Begin MonoManager ReloadAssembly
Native extension for LinuxStandalone target not found
Native extension for WindowsStandalone target not found
Refreshing native plugins compatible for Editor in 0.72 ms, found 1 plugins.
Preloading 0 native plugins for Editor in 0.00 ms.
Mono: successfully reloaded assembly
- Completed reload, in  0.970 seconds
Platform modules already initialized, skipping
========================================================================
Worker process is ready to serve import requests
Launched and connected shader compiler UnityShaderCompiler.exe after 0.08 seconds
Refreshing native plugins compatible for Editor in 0.59 ms, found 1 plugins.
Preloading 0 native plugins for Editor in 0.00 ms.
Unloading 2772 Unused Serialized files (Serialized files now loaded: 0)
System memory in use before: 102.1 MB.
System memory in use after: 102.3 MB.

Unloading 21 unused Assets to reduce memory usage. Loaded Objects now: 3220.
Total: 1.936900 ms (FindLiveObjects: 0.268300 ms CreateObjectMapping: 0.087700 ms MarkObjects: 1.514600 ms  DeleteObjects: 0.065200 ms)

========================================================================
Received Import Request.
  path: Assets/Prefabs/MainMenu
  artifactKey: Guid(e4a58a3f1f677994fa6954e68796793f) Importer(815301076,1909f56bfc062723c751e8b465ee728b)
Start importing Assets/Prefabs/MainMenu using Guid(e4a58a3f1f677994fa6954e68796793f) Importer(815301076,1909f56bfc062723c751e8b465ee728b)  -> (artifact id: '2171f21b83cc484518448f502fc7db76') in 0.004775 seconds 
========================================================================
Received Import Request.
  Time since last request: 1.773289 seconds.
  path: Assets/Prefabs/MainMenu/UI
  artifactKey: Guid(63fc7111bdc3124438e7ab1469606183) Importer(815301076,1909f56bfc062723c751e8b465ee728b)
Start importing Assets/Prefabs/MainMenu/UI using Guid(63fc7111bdc3124438e7ab1469606183) Importer(815301076,1909f56bfc062723c751e8b465ee728b)  -> (artifact id: '339b72de6f1e3d518b452c73913fafcd') in 0.001739 seconds 
========================================================================
Received Import Request.
  Time since last request: 7.095611 seconds.
  path: Assets/Prefabs/MainMenu/UI/RoomListing.prefab
  artifactKey: Guid(c385d6b00046bc04fa19159e822385f1) Importer(815301076,1909f56bfc062723c751e8b465ee728b)
Start importing Assets/Prefabs/MainMenu/UI/RoomListing.prefab using Guid(c385d6b00046bc04fa19159e822385f1) Importer(815301076,1909f56bfc062723c751e8b465ee728b)  -> (artifact id: '69eb6537d853ddb9a8f344b0117c89dc') in 0.049857 seconds 
========================================================================
Received Prepare
Registering precompiled user dll's ...
Registered in 0.004783 seconds.
Begin MonoManager ReloadAssembly
Native extension for LinuxStandalone target not found
Native extension for WindowsStandalone target not found
Refreshing native plugins compatible for Editor in 0.55 ms, found 1 plugins.
Preloading 0 native plugins for Editor in 0.00 ms.
Mono: successfully reloaded assembly
- Completed reload, in  0.784 seconds
Platform modules already initialized, skipping
Refreshing native plugins compatible for Editor in 0.70 ms, found 1 plugins.
Preloading 0 native plugins for Editor in 0.00 ms.
Unloading 2767 Unused Serialized files (Serialized files now loaded: 0)
System memory in use before: 102.1 MB.
System memory in use after: 102.3 MB.

Unloading 15 unused Assets to reduce memory usage. Loaded Objects now: 3226.
Total: 2.055300 ms (FindLiveObjects: 0.310100 ms CreateObjectMapping: 0.070200 ms MarkObjects: 1.623700 ms  DeleteObjects: 0.050600 ms)

